Flow report for aquisition
Mon Jul 18 14:51:30 2016
Quartus II Version 10.1 Build 153 11/29/2010 SJ Full Version


---------------------
; Table of Contents ;
---------------------
  1. Legal Notice
  2. Flow Summary
  3. Flow Settings
  4. Flow Non-Default Global Settings
  5. Flow Elapsed Time
  6. Flow OS Summary
  7. Flow Log



----------------
; Legal Notice ;
----------------
Copyright (C) 1991-2010 Altera Corporation
Your use of Altera Corporation's design tools, logic functions 
and other software and tools, and its AMPP partner logic 
functions, and any output files from any of the foregoing 
(including device programming or simulation files), and any 
associated documentation or information are expressly subject 
to the terms and conditions of the Altera Program License 
Subscription Agreement, Altera MegaCore Function License 
Agreement, or other applicable license agreement, including, 
without limitation, that your use is for the sole purpose of 
programming logic devices manufactured by Altera and sold by 
Altera or its authorized distributors.  Please refer to the 
applicable agreement for further details.



+--------------------------------------------------------------------------------+
; Flow Summary                                                                   ;
+------------------------------------+-------------------------------------------+
; Flow Status                        ; Successful - Mon Jul 18 14:51:27 2016     ;
; Quartus II Version                 ; 10.1 Build 153 11/29/2010 SJ Full Version ;
; Revision Name                      ; aquisition                                ;
; Top-level Entity Name              ; logic                                     ;
; Family                             ; Cyclone II                                ;
; Device                             ; EP2C5T144C6                               ;
; Timing Models                      ; Final                                     ;
; Total logic elements               ; 557 / 4,608 ( 12 % )                      ;
;     Total combinational functions  ; 526 / 4,608 ( 11 % )                      ;
;     Dedicated logic registers      ; 326 / 4,608 ( 7 % )                       ;
; Total registers                    ; 326                                       ;
; Total pins                         ; 41 / 89 ( 46 % )                          ;
; Total virtual pins                 ; 0                                         ;
; Total memory bits                  ; 1,536 / 119,808 ( 1 % )                   ;
; Embedded Multiplier 9-bit elements ; 0 / 26 ( 0 % )                            ;
; Total PLLs                         ; 0 / 2 ( 0 % )                             ;
+------------------------------------+-------------------------------------------+


+-----------------------------------------+
; Flow Settings                           ;
+-------------------+---------------------+
; Option            ; Setting             ;
+-------------------+---------------------+
; Start date & time ; 07/18/2016 14:51:04 ;
; Main task         ; Compilation         ;
; Revision Name     ; aquisition          ;
+-------------------+---------------------+


+--------------------------------------------------------------------------------------------------------------------------------------------------------------+
; Flow Non-Default Global Settings                                                                                                                             ;
+-------------------------------------+-----------------------------------------------------------------------------+---------------+-------------+------------+
; Assignment Name                     ; Value                                                                       ; Default Value ; Entity Name ; Section Id ;
+-------------------------------------+-----------------------------------------------------------------------------+---------------+-------------+------------+
; COMPILER_SIGNATURE_ID               ; 131198687082.146884266305700                                                ; --            ; --          ; --         ;
; IP_TOOL_NAME                        ; ROM: 1-PORT                                                                 ; --            ; --          ; --         ;
; IP_TOOL_NAME                        ; FIFO                                                                        ; --            ; --          ; --         ;
; IP_TOOL_VERSION                     ; 10.1                                                                        ; --            ; --          ; --         ;
; IP_TOOL_VERSION                     ; 10.1                                                                        ; --            ; --          ; --         ;
; MAX_CORE_JUNCTION_TEMP              ; 85                                                                          ; --            ; --          ; --         ;
; MIN_CORE_JUNCTION_TEMP              ; 0                                                                           ; --            ; --          ; --         ;
; MISC_FILE                           ; D:/PROJECTS/GIT_REPOSITORY/verilog/aquisition/altera_project/aquisition.dpf ; --            ; --          ; --         ;
; PARTITION_COLOR                     ; 16764057                                                                    ; --            ; logic       ; Top        ;
; PARTITION_FITTER_PRESERVATION_LEVEL ; PLACEMENT_AND_ROUTING                                                       ; --            ; logic       ; Top        ;
; PARTITION_NETLIST_TYPE              ; SOURCE                                                                      ; --            ; logic       ; Top        ;
; TOP_LEVEL_ENTITY                    ; logic                                                                       ; aquisition    ; --          ; --         ;
+-------------------------------------+-----------------------------------------------------------------------------+---------------+-------------+------------+


+-------------------------------------------------------------------------------------------------------------------------------+
; Flow Elapsed Time                                                                                                             ;
+---------------------------+--------------+-------------------------+---------------------+------------------------------------+
; Module Name               ; Elapsed Time ; Average Processors Used ; Peak Virtual Memory ; Total CPU Time (on all processors) ;
+---------------------------+--------------+-------------------------+---------------------+------------------------------------+
; Analysis & Synthesis      ; 00:00:07     ; 1.0                     ; 223 MB              ; 00:00:07                           ;
; Fitter                    ; 00:00:09     ; 1.0                     ; 255 MB              ; 00:00:08                           ;
; Assembler                 ; 00:00:02     ; 1.0                     ; 183 MB              ; 00:00:02                           ;
; TimeQuest Timing Analyzer ; 00:00:06     ; 1.0                     ; 192 MB              ; 00:00:04                           ;
; Total                     ; 00:00:24     ; --                      ; --                  ; 00:00:21                           ;
+---------------------------+--------------+-------------------------+---------------------+------------------------------------+


+-----------------------------------------------------------------------------------------+
; Flow OS Summary                                                                         ;
+---------------------------+------------------+------------+------------+----------------+
; Module Name               ; Machine Hostname ; OS Name    ; OS Version ; Processor type ;
+---------------------------+------------------+------------+------------+----------------+
; Analysis & Synthesis      ; sasha            ; Windows XP ; 5.1        ; i1586          ;
; Fitter                    ; sasha            ; Windows XP ; 5.1        ; i1586          ;
; Assembler                 ; sasha            ; Windows XP ; 5.1        ; i1586          ;
; TimeQuest Timing Analyzer ; sasha            ; Windows XP ; 5.1        ; i1586          ;
+---------------------------+------------------+------------+------------+----------------+


------------
; Flow Log ;
------------
quartus_map --read_settings_files=on --write_settings_files=off aquisition -c aquisition
quartus_fit --read_settings_files=off --write_settings_files=off aquisition -c aquisition
quartus_asm --read_settings_files=off --write_settings_files=off aquisition -c aquisition
quartus_sta aquisition -c aquisition



